<?xml version="1.0" encoding="utf-8"?><testsuites name="pytest tests"><testsuite name="pytest" errors="0" failures="0" skipped="0" tests="9" time="15.129" timestamp="2026-03-27T18:42:17.709646+00:00" hostname="agent-env-43bb2204-920c-4c6c-9d7b-e46c6d6743b8"><testcase classname="backend.tests.test_dividend_compare.TestDividendCompare" name="test_compare_three_symbols_success" time="8.421" /><testcase classname="backend.tests.test_dividend_compare.TestDividendCompare" name="test_compare_two_symbols_success" time="0.663" /><testcase classname="backend.tests.test_dividend_compare.TestDividendCompare" name="test_compare_four_symbols_success" time="1.255" /><testcase classname="backend.tests.test_dividend_compare.TestDividendCompare" name="test_compare_one_symbol_returns_400" time="0.189" /><testcase classname="backend.tests.test_dividend_compare.TestDividendCompare" name="test_compare_five_symbols_returns_400" time="0.194" /><testcase classname="backend.tests.test_dividend_compare.TestDividendCompare" name="test_compare_lowercase_symbols_converted" time="0.852" /><testcase classname="backend.tests.test_dividend_compare.TestDividendCompare" name="test_compare_dividend_scores_present" time="1.195" /><testcase classname="backend.tests.test_dividend_compare.TestDividendCompare" name="test_compare_chart_data_years_sorted" time="1.132" /><testcase classname="backend.tests.test_dividend_compare.TestDividendCompare" name="test_compare_source_field" time="0.777" /></testsuite></testsuites>