<?xml version="1.0" encoding="utf-8"?><testsuites name="pytest tests"><testsuite name="pytest" errors="0" failures="0" skipped="0" tests="10" time="8.820" timestamp="2026-03-27T16:39:27.550839+00:00" hostname="agent-env-437aac8e-d1df-4863-b678-d4bc8dad0f40"><testcase classname="backend.tests.test_new_features.TestHealthCheck" name="test_api_health" time="5.729" /><testcase classname="backend.tests.test_new_features.TestHealthCheck" name="test_demo_login" time="0.206" /><testcase classname="backend.tests.test_new_features.TestDailySummarySubscription" name="test_my_subscription_requires_auth" time="0.155" /><testcase classname="backend.tests.test_new_features.TestDailySummarySubscription" name="test_toggle_subscription_requires_auth" time="0.198" /><testcase classname="backend.tests.test_new_features.TestDailySummarySubscription" name="test_my_subscription_authenticated" time="0.304" /><testcase classname="backend.tests.test_new_features.TestDailySummarySubscription" name="test_toggle_subscription_changes_state" time="0.325" /><testcase classname="backend.tests.test_new_features.TestDailySummarySubscription" name="test_toggle_subscription_response_structure" time="0.173" /><testcase classname="backend.tests.test_new_features.TestDailySummarySubscription" name="test_toggle_persists_state" time="0.836" /><testcase classname="backend.tests.test_new_features.TestDailySummaryPreview" name="test_daily_summary_preview" time="0.163" /><testcase classname="backend.tests.test_new_features.TestDailySummaryPreview" name="test_subscribers_count" time="0.335" /></testsuite></testsuites>