<?xml version="1.0" encoding="utf-8"?><testsuites name="pytest tests"><testsuite name="pytest" errors="0" failures="0" skipped="0" tests="24" time="11.890" timestamp="2026-03-27T22:15:32.838107+00:00" hostname="agent-env-a41965fe-ca99-415e-a4ec-4d7c8416223a"><testcase classname="backend.tests.test_portfolio_faza4.TestDividendsAuthGuard" name="test_dividends_no_token_returns_401" time="3.790" /><testcase classname="backend.tests.test_portfolio_faza4.TestDividendsAuthGuard" name="test_news_no_token_returns_401" time="0.167" /><testcase classname="backend.tests.test_portfolio_faza4.TestGetDividends" name="test_dividends_returns_200" time="0.692" /><testcase classname="backend.tests.test_portfolio_faza4.TestGetDividends" name="test_dividends_response_structure" time="0.425" /><testcase classname="backend.tests.test_portfolio_faza4.TestGetDividends" name="test_dividends_has_brd_and_h2o" time="0.486" /><testcase classname="backend.tests.test_portfolio_faza4.TestGetDividends" name="test_dividends_per_symbol_fields" time="0.417" /><testcase classname="backend.tests.test_portfolio_faza4.TestGetDividends" name="test_brd_dividend_yield_pct" time="0.455" /><testcase classname="backend.tests.test_portfolio_faza4.TestGetDividends" name="test_brd_annual_income_ron" time="0.492" /><testcase classname="backend.tests.test_portfolio_faza4.TestGetDividends" name="test_brd_source_confirmed" time="0.461" /><testcase classname="backend.tests.test_portfolio_faza4.TestGetDividends" name="test_h2o_dividend_yield_pct" time="0.455" /><testcase classname="backend.tests.test_portfolio_faza4.TestGetDividends" name="test_h2o_annual_income_ron" time="0.516" /><testcase classname="backend.tests.test_portfolio_faza4.TestGetDividends" name="test_h2o_source_confirmed" time="0.515" /><testcase classname="backend.tests.test_portfolio_faza4.TestGetDividends" name="test_total_annual_income" time="0.462" /><testcase classname="backend.tests.test_portfolio_faza4.TestGetDividends" name="test_dividends_source_in_response" time="0.478" /><testcase classname="backend.tests.test_portfolio_faza4.TestGetPortfolioNews" name="test_news_returns_200" time="0.174" /><testcase classname="backend.tests.test_portfolio_faza4.TestGetPortfolioNews" name="test_news_response_structure" time="0.170" /><testcase classname="backend.tests.test_portfolio_faza4.TestGetPortfolioNews" name="test_news_has_articles" time="0.201" /><testcase classname="backend.tests.test_portfolio_faza4.TestGetPortfolioNews" name="test_news_articles_have_required_fields" time="0.200" /><testcase classname="backend.tests.test_portfolio_faza4.TestGetPortfolioNews" name="test_news_articles_related_symbols_is_list" time="0.172" /><testcase classname="backend.tests.test_portfolio_faza4.TestGetPortfolioNews" name="test_news_articles_have_symbol_tags" time="0.160" /><testcase classname="backend.tests.test_portfolio_faza4.TestGetPortfolioNews" name="test_news_symbols_searched_contains_portfolio" time="0.168" /><testcase classname="backend.tests.test_portfolio_faza4.TestGetPortfolioNews" name="test_news_count_matches_news_list" time="0.165" /><testcase classname="backend.tests.test_portfolio_faza4.TestGetPortfolioNews" name="test_news_articles_have_title_not_empty" time="0.169" /><testcase classname="backend.tests.test_portfolio_faza4.TestGetPortfolioNews" name="test_news_articles_have_published_at" time="0.147" /></testsuite></testsuites>