<?xml version="1.0" encoding="utf-8"?><testsuites name="pytest tests"><testsuite name="pytest" errors="0" failures="0" skipped="0" tests="23" time="112.336" timestamp="2026-03-27T16:16:22.761256+00:00" hostname="agent-env-437aac8e-d1df-4863-b678-d4bc8dad0f40"><testcase classname="backend.tests.test_dividend_calculator.TestStocksEndpoint" name="test_stocks_returns_200" time="7.233" /><testcase classname="backend.tests.test_dividend_calculator.TestStocksEndpoint" name="test_stocks_count_is_14" time="4.874" /><testcase classname="backend.tests.test_dividend_calculator.TestStocksEndpoint" name="test_stocks_sorted_by_yield_descending" time="4.882" /><testcase classname="backend.tests.test_dividend_calculator.TestStocksEndpoint" name="test_tlv_dividend_value" time="5.066" /><testcase classname="backend.tests.test_dividend_calculator.TestStocksEndpoint" name="test_brd_dividend_value" time="4.928" /><testcase classname="backend.tests.test_dividend_calculator.TestStocksEndpoint" name="test_h2o_dividend_value" time="4.876" /><testcase classname="backend.tests.test_dividend_calculator.TestStocksEndpoint" name="test_snn_dividend_value" time="4.694" /><testcase classname="backend.tests.test_dividend_calculator.TestStocksEndpoint" name="test_snp_dividend_value" time="14.339" /><testcase classname="backend.tests.test_dividend_calculator.TestStocksEndpoint" name="test_stocks_have_required_fields" time="41.210" /><testcase classname="backend.tests.test_dividend_calculator.TestCalculateSmallPortfolio" name="test_calculate_small_returns_200" time="0.584" /><testcase classname="backend.tests.test_dividend_calculator.TestCalculateSmallPortfolio" name="test_calculate_small_cass_is_zero" time="0.453" /><testcase classname="backend.tests.test_dividend_calculator.TestCalculateSmallPortfolio" name="test_calculate_small_has_summary_fields" time="0.512" /><testcase classname="backend.tests.test_dividend_calculator.TestCalculateSmallPortfolio" name="test_calculate_small_tax_info_16pct" time="0.493" /><testcase classname="backend.tests.test_dividend_calculator.TestCalculateSmallPortfolio" name="test_calculate_small_projections_have_cass_fields" time="0.482" /><testcase classname="backend.tests.test_dividend_calculator.TestCalculateLargePortfolio" name="test_calculate_large_returns_200" time="0.493" /><testcase classname="backend.tests.test_dividend_calculator.TestCalculateLargePortfolio" name="test_calculate_large_cass_on_12smb" time="0.463" /><testcase classname="backend.tests.test_dividend_calculator.TestCalculateLargePortfolio" name="test_calculate_large_net_after_cass" time="0.520" /><testcase classname="backend.tests.test_dividend_calculator.TestCalculateLargePortfolio" name="test_calculate_large_projections_cass_present" time="12.746" /><testcase classname="backend.tests.test_dividend_calculator.TestCalculateMidPortfolio" name="test_calculate_mid_cass_on_6smb" time="0.538" /><testcase classname="backend.tests.test_dividend_calculator.TestCalculateResponseStructure" name="test_response_has_all_top_level_keys" time="0.793" /><testcase classname="backend.tests.test_dividend_calculator.TestCalculateResponseStructure" name="test_settings_shows_16_pct_tax" time="0.453" /><testcase classname="backend.tests.test_dividend_calculator.TestCalculateResponseStructure" name="test_holdings_have_impozit_16_field" time="0.512" /><testcase classname="backend.tests.test_dividend_calculator.TestCalculateResponseStructure" name="test_multiple_years_projection" time="0.819" /></testsuite></testsuites>