<?xml version="1.0" encoding="utf-8"?><testsuites name="pytest tests"><testsuite name="pytest" errors="0" failures="0" skipped="0" tests="27" time="5.018" timestamp="2026-03-27T19:21:11.610775+00:00" hostname="agent-env-a41965fe-ca99-415e-a4ec-4d7c8416223a"><testcase classname="backend.tests.test_screener_pro.TestDemoLogin" name="test_demo_login_returns_token" time="1.723" /><testcase classname="backend.tests.test_screener_pro.TestScreenerScan" name="test_scan_returns_200" time="0.386" /><testcase classname="backend.tests.test_screener_pro.TestScreenerScan" name="test_scan_structure" time="0.388" /><testcase classname="backend.tests.test_screener_pro.TestScreenerScan" name="test_scan_has_stocks" time="0.001" /><testcase classname="backend.tests.test_screener_pro.TestScreenerScan" name="test_yield_source_field_exists" time="0.000" /><testcase classname="backend.tests.test_screener_pro.TestScreenerScan" name="test_dividend_yield_source_bvb_or_na" time="0.000" /><testcase classname="backend.tests.test_screener_pro.TestScreenerScan" name="test_dividend_yield_not_from_eodhd" time="0.000" /><testcase classname="backend.tests.test_screener_pro.TestScreenerScan" name="test_dividend_yield_bvb_confirmed_is_positive" time="0.000" /><testcase classname="backend.tests.test_screener_pro.TestScreenerScan" name="test_pe_null_for_negative_eps" time="0.000" /><testcase classname="backend.tests.test_screener_pro.TestScreenerScan" name="test_pe_positive_only_valid_range" time="0.000" /><testcase classname="backend.tests.test_screener_pro.TestScreenerScan" name="test_roe_can_be_negative" time="0.000" /><testcase classname="backend.tests.test_screener_pro.TestScreenerScan" name="test_debt_equity_available_for_known_stocks" time="0.001" /><testcase classname="backend.tests.test_screener_pro.TestScreenerScan" name="test_debt_equity_values_match_known" time="0.000" /><testcase classname="backend.tests.test_screener_pro.TestScreenerScan" name="test_no_eodhd_dividend_estimate" time="0.000" /><testcase classname="backend.tests.test_screener_pro.TestScreenerScan" name="test_digi_pe_is_null" time="0.000" /><testcase classname="backend.tests.test_screener_pro.TestScreenerScan" name="test_m_pe_is_null" time="0.000" /><testcase classname="backend.tests.test_screener_pro.TestFilterEndpoint" name="test_filter_max_debt_equity" time="0.243" /><testcase classname="backend.tests.test_screener_pro.TestFilterEndpoint" name="test_filter_excludes_null_debt_equity" time="0.222" /><testcase classname="backend.tests.test_screener_pro.TestFilterEndpoint" name="test_filter_min_dividend_yield" time="0.246" /><testcase classname="backend.tests.test_screener_pro.TestFilterEndpoint" name="test_filter_response_structure" time="0.170" /><testcase classname="backend.tests.test_screener_pro.TestRefreshFundamentals" name="test_refresh_fundamentals_returns_200" time="0.311" /><testcase classname="backend.tests.test_screener_pro.TestRefreshFundamentals" name="test_refresh_requires_pro" time="0.183" /><testcase classname="backend.tests.test_screener_pro.TestPresets" name="test_presets_returns_200" time="0.176" /><testcase classname="backend.tests.test_screener_pro.TestPresets" name="test_presets_structure" time="0.142" /><testcase classname="backend.tests.test_screener_pro.TestPresets" name="test_presets_known_ids" time="0.169" /><testcase classname="backend.tests.test_screener_pro.TestScanRequiresPro" name="test_scan_without_auth_fails" time="0.183" /><testcase classname="backend.tests.test_screener_pro.TestScanRequiresPro" name="test_filter_without_auth_fails" time="0.142" /></testsuite></testsuites>