<?xml version="1.0" encoding="utf-8"?><testsuites name="pytest tests"><testsuite name="pytest" errors="0" failures="0" skipped="0" tests="25" time="8.144" timestamp="2026-03-27T22:02:24.211153+00:00" hostname="agent-env-a41965fe-ca99-415e-a4ec-4d7c8416223a"><testcase classname="backend.tests.test_ai_analysis.TestAIAnalysisAuth" name="test_no_token_returns_401" time="5.058" /><testcase classname="backend.tests.test_ai_analysis.TestAIAnalysisAuth" name="test_invalid_token_returns_401" time="0.677" /><testcase classname="backend.tests.test_ai_analysis.TestAIAnalysisAuth" name="test_demo_login_returns_token" time="0.480" /><testcase classname="backend.tests.test_ai_analysis.TestAIAnalysisSchema" name="test_status_200_with_pro_token" time="0.332" /><testcase classname="backend.tests.test_ai_analysis.TestAIAnalysisSchema" name="test_top_level_fields_present" time="0.295" /><testcase classname="backend.tests.test_ai_analysis.TestAIAnalysisSchema" name="test_positions_analyzed_field" time="0.001" /><testcase classname="backend.tests.test_ai_analysis.TestPortfolioSummary" name="test_portfolio_summary_is_dict" time="0.000" /><testcase classname="backend.tests.test_ai_analysis.TestPortfolioSummary" name="test_overall_signal_valid" time="0.001" /><testcase classname="backend.tests.test_ai_analysis.TestPortfolioSummary" name="test_risk_level_valid" time="0.000" /><testcase classname="backend.tests.test_ai_analysis.TestPortfolioSummary" name="test_global_recommendation_present_and_string" time="0.000" /><testcase classname="backend.tests.test_ai_analysis.TestPortfolioSummary" name="test_diversification_note_present" time="0.001" /><testcase classname="backend.tests.test_ai_analysis.TestPositionsArray" name="test_positions_is_list" time="0.000" /><testcase classname="backend.tests.test_ai_analysis.TestPositionsArray" name="test_positions_not_empty" time="0.000" /><testcase classname="backend.tests.test_ai_analysis.TestPositionsArray" name="test_each_position_has_required_fields" time="0.000" /><testcase classname="backend.tests.test_ai_analysis.TestPositionsArray" name="test_position_signal_values_valid" time="0.064" /><testcase classname="backend.tests.test_ai_analysis.TestPositionsArray" name="test_position_confidence_values_valid" time="0.001" /><testcase classname="backend.tests.test_ai_analysis.TestPositionsArray" name="test_position_reason_is_string" time="0.000" /><testcase classname="backend.tests.test_ai_analysis.TestPositionsArray" name="test_position_key_metric_present" time="0.001" /><testcase classname="backend.tests.test_ai_analysis.TestPositionsArray" name="test_demo_portfolio_symbols_present" time="0.000" /><testcase classname="backend.tests.test_ai_analysis.TestPositionsArray" name="test_h2o_signal_display" time="0.001" /><testcase classname="backend.tests.test_ai_analysis.TestPositionsArray" name="test_brd_signal_display" time="0.000" /><testcase classname="backend.tests.test_ai_analysis.TestAICache" name="test_first_call_from_cache_false" time="0.001" /><testcase classname="backend.tests.test_ai_analysis.TestAICache" name="test_second_call_returns_from_cache" time="0.386" /><testcase classname="backend.tests.test_ai_analysis.TestAICache" name="test_cache_result_has_same_structure" time="0.336" /><testcase classname="backend.tests.test_ai_analysis.TestAICache" name="test_generated_at_is_iso_string" time="0.001" /></testsuite></testsuites>