<?xml version="1.0" encoding="utf-8"?><testsuites name="pytest tests"><testsuite name="pytest" errors="0" failures="0" skipped="0" tests="11" time="8.143" timestamp="2026-03-27T18:32:29.700926+00:00" hostname="agent-env-43bb2204-920c-4c6c-9d7b-e46c6d6743b8"><testcase classname="backend.tests.test_dividend_history_pro.TestDividendAnalysisEndpoint" name="test_analysis_tlv_returns_full_data" time="4.761" /><testcase classname="backend.tests.test_dividend_history_pro.TestDividendAnalysisEndpoint" name="test_analysis_snp_returns_cagr_and_consecutive_years" time="0.430" /><testcase classname="backend.tests.test_dividend_history_pro.TestDividendAnalysisEndpoint" name="test_analysis_unknown_symbol_returns_404" time="0.450" /><testcase classname="backend.tests.test_dividend_history_pro.TestDividendAnalysisEndpoint" name="test_analysis_lowercase_symbol_works" time="0.395" /><testcase classname="backend.tests.test_dividend_history_pro.TestDividendAnalysisEndpoint" name="test_analysis_includes_current_yield" time="0.394" /><testcase classname="backend.tests.test_dividend_history_pro.TestDividendRankingsEndpoint" name="test_rankings_returns_cached_data" time="0.173" /><testcase classname="backend.tests.test_dividend_history_pro.TestDividendRankingsEndpoint" name="test_rankings_entry_structure" time="0.158" /><testcase classname="backend.tests.test_dividend_history_pro.TestDividendRankingsEndpoint" name="test_rankings_top_stock_has_high_score" time="0.166" /><testcase classname="backend.tests.test_dividend_history_pro.TestDividendRankingsEndpoint" name="test_rankings_includes_source_info" time="0.163" /><testcase classname="backend.tests.test_dividend_history_pro.TestDividendScoreCalculation" name="test_score_breakdown_sums_correctly" time="0.411" /><testcase classname="backend.tests.test_dividend_history_pro.TestDividendScoreCalculation" name="test_rating_matches_score_range" time="0.151" /></testsuite></testsuites>