<?xml version="1.0" encoding="utf-8"?><testsuites name="pytest tests"><testsuite name="pytest" errors="0" failures="0" skipped="0" tests="12" time="73.336" timestamp="2026-03-12T23:17:04.317361+00:00" hostname="agent-env-9b2e783b-9342-4bd4-bdcb-9477f11b99cf"><testcase classname="backend.tests.test_ai_technical_analysis.TestAITechnicalAnalysisEndpoint" name="test_analyze_endpoint_with_pro_token" time="18.999" /><testcase classname="backend.tests.test_ai_technical_analysis.TestAITechnicalAnalysisEndpoint" name="test_analysis_includes_volume_data" time="5.952" /><testcase classname="backend.tests.test_ai_technical_analysis.TestAITechnicalAnalysisEndpoint" name="test_analysis_includes_market_context" time="5.885" /><testcase classname="backend.tests.test_ai_technical_analysis.TestAITechnicalAnalysisEndpoint" name="test_analysis_includes_liquidity_score" time="5.894" /><testcase classname="backend.tests.test_ai_technical_analysis.TestAITechnicalAnalysisEndpoint" name="test_analysis_includes_technical_indicators" time="8.033" /><testcase classname="backend.tests.test_ai_technical_analysis.TestAITechnicalAnalysisEndpoint" name="test_ai_interpretation_is_in_romanian" time="6.306" /><testcase classname="backend.tests.test_ai_technical_analysis.TestAITechnicalAnalysisEndpoint" name="test_non_pro_user_gets_403" time="0.271" /><testcase classname="backend.tests.test_ai_technical_analysis.TestAITechnicalAnalysisEndpoint" name="test_request_without_auth_returns_401" time="0.144" /><testcase classname="backend.tests.test_ai_technical_analysis.TestAITechnicalAnalysisEndpoint" name="test_different_periods" time="15.687" /><testcase classname="backend.tests.test_ai_technical_analysis.TestAITechnicalAnalysisEndpoint" name="test_invalid_symbol_returns_404" time="0.554" /><testcase classname="backend.tests.test_ai_technical_analysis.TestAITechnicalAnalysisEndpoint" name="test_analysis_usage_endpoint" time="0.166" /><testcase classname="backend.tests.test_ai_technical_analysis.TestAIAnalysisComprehensiveResponse" name="test_full_response_structure" time="5.318" /></testsuite></testsuites>