<?xml version="1.0" encoding="utf-8"?><testsuites name="pytest tests"><testsuite name="pytest" errors="0" failures="0" skipped="0" tests="24" time="157.855" timestamp="2026-03-27T14:31:05.803535+00:00" hostname="agent-env-437aac8e-d1df-4863-b678-d4bc8dad0f40"><testcase classname="backend.tests.test_global_markets.TestGlobalOverview" name="test_overview_returns_200" time="6.824" /><testcase classname="backend.tests.test_global_markets.TestGlobalOverview" name="test_overview_has_required_sections" time="2.322" /><testcase classname="backend.tests.test_global_markets.TestGlobalOverview" name="test_commodities_count_is_four" time="3.458" /><testcase classname="backend.tests.test_global_markets.TestGlobalOverview" name="test_gold_price_is_real_not_etf" time="3.012" /><testcase classname="backend.tests.test_global_markets.TestGlobalOverview" name="test_gold_source_is_eodhd_eod_spot" time="3.315" /><testcase classname="backend.tests.test_global_markets.TestGlobalOverview" name="test_silver_present_with_real_price" time="2.674" /><testcase classname="backend.tests.test_global_markets.TestGlobalOverview" name="test_oil_labeled_as_etf" time="2.775" /><testcase classname="backend.tests.test_global_markets.TestGlobalOverview" name="test_nasdaq_100_in_indices" time="3.810" /><testcase classname="backend.tests.test_global_markets.TestGlobalOverview" name="test_sp500_price_range" time="3.039" /><testcase classname="backend.tests.test_global_markets.TestGlobalOverview" name="test_overview_source_is_eodhd" time="2.534" /><testcase classname="backend.tests.test_global_markets.TestGlobalOverview" name="test_sentiment_structure" time="2.760" /><testcase classname="backend.tests.test_global_markets.TestTickerBarEndpoint" name="test_stocks_global_returns_list" time="0.182" /><testcase classname="backend.tests.test_global_markets.TestTickerBarEndpoint" name="test_ticker_has_nasdaq" time="0.191" /><testcase classname="backend.tests.test_global_markets.TestTickerBarEndpoint" name="test_ticker_nasdaq_price_matches_eodhd" time="0.199" /><testcase classname="backend.tests.test_global_markets.TestCommoditiesEndpoint" name="test_commodities_returns_200" time="19.864" /><testcase classname="backend.tests.test_global_markets.TestCommoditiesEndpoint" name="test_commodities_has_gold_and_silver" time="18.609" /><testcase classname="backend.tests.test_global_markets.TestCommoditiesEndpoint" name="test_gold_real_price_via_commodities" time="19.368" /><testcase classname="backend.tests.test_global_markets.TestChartEndpoint" name="test_gold_chart_returns_data" time="0.588" /><testcase classname="backend.tests.test_global_markets.TestChartEndpoint" name="test_gold_chart_prices_are_real" time="0.851" /><testcase classname="backend.tests.test_global_markets.TestChartEndpoint" name="test_sp500_chart_works" time="0.477" /><testcase classname="backend.tests.test_global_markets.TestChartEndpoint" name="test_bitcoin_chart_works" time="0.439" /><testcase classname="backend.tests.test_global_markets.TestIndicesEndpoint" name="test_indices_returns_200" time="21.389" /><testcase classname="backend.tests.test_global_markets.TestIndicesEndpoint" name="test_indices_has_major_markets" time="19.190" /><testcase classname="backend.tests.test_global_markets.TestIndicesEndpoint" name="test_indices_source_is_eodhd" time="19.760" /></testsuite></testsuites>