<?xml version="1.0" encoding="utf-8"?><testsuites name="pytest tests"><testsuite name="pytest" errors="0" failures="0" skipped="0" tests="17" time="12.932" timestamp="2026-03-06T08:59:16.606736+00:00" hostname="agent-env-f32fa431-7aed-4c78-bdb5-e7dd24cec705"><testcase classname="backend.tests.test_feedback_api.TestPublicFeedbackSubmission" name="test_submit_bug_feedback_success" time="10.708" /><testcase classname="backend.tests.test_feedback_api.TestPublicFeedbackSubmission" name="test_submit_idea_feedback_success" time="0.187" /><testcase classname="backend.tests.test_feedback_api.TestPublicFeedbackSubmission" name="test_submit_question_feedback_success" time="0.122" /><testcase classname="backend.tests.test_feedback_api.TestPublicFeedbackSubmission" name="test_submit_anonymous_feedback" time="0.153" /><testcase classname="backend.tests.test_feedback_api.TestPublicFeedbackSubmission" name="test_submit_feedback_minimal_payload" time="0.130" /><testcase classname="backend.tests.test_feedback_api.TestPublicFeedbackSubmission" name="test_submit_feedback_missing_type_fails" time="0.123" /><testcase classname="backend.tests.test_feedback_api.TestPublicFeedbackSubmission" name="test_submit_feedback_missing_message_fails" time="0.120" /><testcase classname="backend.tests.test_feedback_api.TestAdminFeedbackEndpointsProtection" name="test_get_feedback_without_auth_returns_401" time="0.122" /><testcase classname="backend.tests.test_feedback_api.TestAdminFeedbackEndpointsProtection" name="test_get_feedback_with_status_filter_without_auth" time="0.111" /><testcase classname="backend.tests.test_feedback_api.TestAdminFeedbackEndpointsProtection" name="test_get_feedback_with_type_filter_without_auth" time="0.132" /><testcase classname="backend.tests.test_feedback_api.TestAdminFeedbackEndpointsProtection" name="test_update_feedback_status_without_auth_returns_401" time="0.129" /><testcase classname="backend.tests.test_feedback_api.TestAdminFeedbackEndpointsProtection" name="test_update_feedback_to_resolved_without_auth" time="0.137" /><testcase classname="backend.tests.test_feedback_api.TestAdminFeedbackEndpointsProtection" name="test_update_feedback_with_invalid_token" time="0.140" /><testcase classname="backend.tests.test_feedback_api.TestOtherAdminEndpointsProtection" name="test_get_admin_users_without_auth" time="0.109" /><testcase classname="backend.tests.test_feedback_api.TestOtherAdminEndpointsProtection" name="test_get_admin_stats_without_auth" time="0.116" /><testcase classname="backend.tests.test_feedback_api.TestOtherAdminEndpointsProtection" name="test_set_subscription_without_auth" time="0.114" /><testcase classname="backend.tests.test_feedback_api.TestHealthEndpoint" name="test_health_endpoint" time="0.148" /></testsuite></testsuites>