<?xml version="1.0" encoding="utf-8"?><testsuites name="pytest tests"><testsuite name="pytest" errors="0" failures="0" skipped="0" tests="30" time="7.234" timestamp="2026-03-27T21:51:15.255236+00:00" hostname="agent-env-a41965fe-ca99-415e-a4ec-4d7c8416223a"><testcase classname="backend.tests.test_portfolio_analysis.TestAnalysisAuthGuard" name="test_no_token_returns_401" time="3.094" /><testcase classname="backend.tests.test_portfolio_analysis.TestAnalysisAuthGuard" name="test_invalid_token_returns_401" time="0.207" /><testcase classname="backend.tests.test_portfolio_analysis.TestAnalysisResponseStructure" name="test_returns_200_with_pro_token" time="0.596" /><testcase classname="backend.tests.test_portfolio_analysis.TestAnalysisResponseStructure" name="test_top_level_fields_present" time="0.855" /><testcase classname="backend.tests.test_portfolio_analysis.TestAnalysisResponseStructure" name="test_total_value_is_positive" time="0.001" /><testcase classname="backend.tests.test_portfolio_analysis.TestSectorAllocation" name="test_sector_allocation_is_list" time="0.001" /><testcase classname="backend.tests.test_portfolio_analysis.TestSectorAllocation" name="test_sector_allocation_not_empty" time="0.001" /><testcase classname="backend.tests.test_portfolio_analysis.TestSectorAllocation" name="test_sector_allocation_fields" time="0.001" /><testcase classname="backend.tests.test_portfolio_analysis.TestSectorAllocation" name="test_sector_allocation_percent_sums_to_100" time="0.001" /><testcase classname="backend.tests.test_portfolio_analysis.TestSectorAllocation" name="test_sector_allocation_has_energie_and_financiar" time="0.001" /><testcase classname="backend.tests.test_portfolio_analysis.TestSectorAllocation" name="test_sector_allocation_values_are_positive" time="0.001" /><testcase classname="backend.tests.test_portfolio_analysis.TestSectorAllocation" name="test_sector_energie_value" time="0.001" /><testcase classname="backend.tests.test_portfolio_analysis.TestSectorAllocation" name="test_sector_financiar_value" time="0.001" /><testcase classname="backend.tests.test_portfolio_analysis.TestFundamentals" name="test_fundamentals_is_list" time="0.001" /><testcase classname="backend.tests.test_portfolio_analysis.TestFundamentals" name="test_fundamentals_has_brd_and_h2o" time="0.001" /><testcase classname="backend.tests.test_portfolio_analysis.TestFundamentals" name="test_fundamentals_required_fields" time="0.001" /><testcase classname="backend.tests.test_portfolio_analysis.TestFundamentals" name="test_brd_pe_ratio" time="0.001" /><testcase classname="backend.tests.test_portfolio_analysis.TestFundamentals" name="test_brd_roe_percent" time="0.001" /><testcase classname="backend.tests.test_portfolio_analysis.TestFundamentals" name="test_brd_eps" time="0.001" /><testcase classname="backend.tests.test_portfolio_analysis.TestFundamentals" name="test_brd_debt_equity" time="0.001" /><testcase classname="backend.tests.test_portfolio_analysis.TestFundamentals" name="test_h2o_pe_ratio_is_null" time="0.001" /><testcase classname="backend.tests.test_portfolio_analysis.TestFundamentals" name="test_h2o_roe_percent" time="0.001" /><testcase classname="backend.tests.test_portfolio_analysis.TestFundamentals" name="test_h2o_debt_equity_is_null" time="0.001" /><testcase classname="backend.tests.test_portfolio_analysis.TestFundamentals" name="test_h2o_eps" time="0.001" /><testcase classname="backend.tests.test_portfolio_analysis.TestHistoryAndDeduplication" name="test_history_is_list" time="0.001" /><testcase classname="backend.tests.test_portfolio_analysis.TestHistoryAndDeduplication" name="test_history_entry_fields" time="0.001" /><testcase classname="backend.tests.test_portfolio_analysis.TestHistoryAndDeduplication" name="test_no_duplicate_snapshots_same_day" time="1.965" /><testcase classname="backend.tests.test_portfolio_analysis.TestHistoryAndDeduplication" name="test_history_dates_are_unique" time="0.001" /><testcase classname="backend.tests.test_portfolio_analysis.TestHistoryAndDeduplication" name="test_history_values_are_positive" time="0.001" /><testcase classname="backend.tests.test_portfolio_analysis.TestHistoryAndDeduplication" name="test_history_length_reflects_insufficient_data" time="0.001" /></testsuite></testsuites>