<?xml version="1.0" encoding="utf-8"?><testsuites name="pytest tests"><testsuite name="pytest" errors="0" failures="0" skipped="0" tests="24" time="14.454" timestamp="2026-03-27T21:36:15.176500+00:00" hostname="agent-env-a41965fe-ca99-415e-a4ec-4d7c8416223a"><testcase classname="backend.tests.test_portfolio_bvb.TestAuthGuard" name="test_get_portfolio_no_token" time="6.356" /><testcase classname="backend.tests.test_portfolio_bvb.TestAuthGuard" name="test_post_position_no_token" time="0.185" /><testcase classname="backend.tests.test_portfolio_bvb.TestAuthGuard" name="test_delete_position_no_token" time="0.198" /><testcase classname="backend.tests.test_portfolio_bvb.TestAuthGuard" name="test_export_no_token" time="0.149" /><testcase classname="backend.tests.test_portfolio_bvb.TestGetPortfolio" name="test_get_portfolio_returns_200" time="0.697" /><testcase classname="backend.tests.test_portfolio_bvb.TestGetPortfolio" name="test_get_portfolio_response_structure" time="0.618" /><testcase classname="backend.tests.test_portfolio_bvb.TestGetPortfolio" name="test_get_portfolio_summary_fields" time="0.630" /><testcase classname="backend.tests.test_portfolio_bvb.TestGetPortfolio" name="test_get_portfolio_positions_fields" time="0.602" /><testcase classname="backend.tests.test_portfolio_bvb.TestAddPosition" name="test_add_tlv_position" time="0.157" /><testcase classname="backend.tests.test_portfolio_bvb.TestAddPosition" name="test_add_duplicate_position_returns_409" time="0.165" /><testcase classname="backend.tests.test_portfolio_bvb.TestAddPosition" name="test_add_invalid_symbol_returns_404" time="0.142" /><testcase classname="backend.tests.test_portfolio_bvb.TestAddPosition" name="test_verify_tlv_in_portfolio" time="0.608" /><testcase classname="backend.tests.test_portfolio_bvb.TestUpdatePosition" name="test_update_tlv_position" time="0.145" /><testcase classname="backend.tests.test_portfolio_bvb.TestUpdatePosition" name="test_verify_update_persisted" time="0.637" /><testcase classname="backend.tests.test_portfolio_bvb.TestUpdatePosition" name="test_update_nonexistent_position_returns_404" time="0.181" /><testcase classname="backend.tests.test_portfolio_bvb.TestDeletePosition" name="test_add_snp_for_delete" time="0.368" /><testcase classname="backend.tests.test_portfolio_bvb.TestDeletePosition" name="test_delete_snp_position" time="0.147" /><testcase classname="backend.tests.test_portfolio_bvb.TestDeletePosition" name="test_verify_snp_removed" time="0.982" /><testcase classname="backend.tests.test_portfolio_bvb.TestDeletePosition" name="test_delete_nonexistent_returns_404" time="0.159" /><testcase classname="backend.tests.test_portfolio_bvb.TestDeletePosition" name="test_delete_tlv_cleanup" time="0.160" /><testcase classname="backend.tests.test_portfolio_bvb.TestExportCSV" name="test_export_returns_200" time="0.141" /><testcase classname="backend.tests.test_portfolio_bvb.TestExportCSV" name="test_export_content_type_csv" time="0.153" /><testcase classname="backend.tests.test_portfolio_bvb.TestExportCSV" name="test_export_has_csv_header_row" time="0.175" /><testcase classname="backend.tests.test_portfolio_bvb.TestExportCSV" name="test_export_content_disposition" time="0.472" /></testsuite></testsuites>