<?xml version="1.0" encoding="utf-8"?><testsuites name="pytest tests"><testsuite name="pytest" errors="0" failures="0" skipped="0" tests="17" time="54.274" timestamp="2026-02-05T20:09:29.344559+00:00" hostname="agent-env-8f8c7df1-b3c8-4a36-94a7-a084e0b8d608"><testcase classname="backend.tests.test_live_data_cache.TestCacheHeaders" name="test_global_overview_cache_headers" time="20.017" /><testcase classname="backend.tests.test_live_data_cache.TestCacheHeaders" name="test_stocks_bvb_cache_headers" time="0.129" /><testcase classname="backend.tests.test_live_data_cache.TestCacheHeaders" name="test_bvb_indices_cache_headers" time="2.972" /><testcase classname="backend.tests.test_live_data_cache.TestCacheHeaders" name="test_bvb_top_movers_cache_headers" time="0.099" /><testcase classname="backend.tests.test_live_data_cache.TestCacheHeaders" name="test_stocks_global_cache_headers" time="0.088" /><testcase classname="backend.tests.test_live_data_cache.TestGlobalMarketsAPI" name="test_global_overview_returns_data" time="4.675" /><testcase classname="backend.tests.test_live_data_cache.TestGlobalMarketsAPI" name="test_global_overview_data_sources" time="5.785" /><testcase classname="backend.tests.test_live_data_cache.TestGlobalMarketsAPI" name="test_global_overview_sentiment" time="4.160" /><testcase classname="backend.tests.test_live_data_cache.TestBVBStocksAPI" name="test_bvb_stocks_returns_data" time="0.206" /><testcase classname="backend.tests.test_live_data_cache.TestBVBStocksAPI" name="test_bvb_indices_returns_data" time="0.853" /><testcase classname="backend.tests.test_live_data_cache.TestBVBStocksAPI" name="test_bvb_top_movers_returns_data" time="0.098" /><testcase classname="backend.tests.test_live_data_cache.TestBVBStocksAPI" name="test_bvb_sectors_returns_data" time="0.083" /><testcase classname="backend.tests.test_live_data_cache.TestTickerBarAPI" name="test_stocks_global_for_ticker" time="0.082" /><testcase classname="backend.tests.test_live_data_cache.TestTickerBarAPI" name="test_stocks_bvb_for_ticker" time="0.157" /><testcase classname="backend.tests.test_live_data_cache.TestDataFreshness" name="test_global_overview_updated_at_recent" time="5.075" /><testcase classname="backend.tests.test_live_data_cache.TestDataFreshness" name="test_multiple_requests_get_fresh_data" time="9.461" /><testcase classname="backend.tests.test_live_data_cache.TestHealthEndpoint" name="test_health_endpoint" time="0.068" /></testsuite></testsuites>