<?xml version="1.0" encoding="utf-8"?><testsuites name="pytest tests"><testsuite name="pytest" errors="0" failures="0" skipped="0" tests="13" time="3.258" timestamp="2026-03-27T18:09:22.965311+00:00" hostname="agent-env-43bb2204-920c-4c6c-9d7b-e46c6d6743b8"><testcase classname="tests.test_bvb_dividends.TestBVBDividendsAPI" name="test_get_all_bvb_dividends" time="0.872" /><testcase classname="tests.test_bvb_dividends.TestBVBDividendsAPI" name="test_get_latest_dividends" time="0.184" /><testcase classname="tests.test_bvb_dividends.TestBVBDividendsAPI" name="test_get_upcoming_dividends" time="0.169" /><testcase classname="tests.test_bvb_dividends.TestBVBDividendsAPI" name="test_get_scrape_status" time="0.157" /><testcase classname="tests.test_bvb_dividends.TestBVBDividendsAPI" name="test_get_trailing_dividend_tlv" time="0.153" /><testcase classname="tests.test_bvb_dividends.TestBVBDividendsAPI" name="test_get_dividend_history_snp" time="0.146" /><testcase classname="tests.test_bvb_dividends.TestDividendCalculatorWithBVB" name="test_get_dividend_stocks_bvb_source" time="0.228" /><testcase classname="tests.test_bvb_dividends.TestDividendCalculatorWithBVB" name="test_calculate_dividends_with_bvb_data" time="0.149" /><testcase classname="tests.test_bvb_dividends.TestDividendCalendarWithBVB" name="test_get_calendar_dividends_bvb_source" time="0.179" /><testcase classname="tests.test_bvb_dividends.TestDividendCalendarWithBVB" name="test_get_dividend_kings_bvb_source" time="0.169" /><testcase classname="tests.test_bvb_dividends.TestBVBDividendsEdgeCases" name="test_trailing_dividend_nonexistent_symbol" time="0.139" /><testcase classname="tests.test_bvb_dividends.TestBVBDividendsEdgeCases" name="test_history_nonexistent_symbol" time="0.199" /><testcase classname="tests.test_bvb_dividends.TestBVBDividendsEdgeCases" name="test_trailing_dividend_case_insensitive" time="0.163" /></testsuite></testsuites>